C:\USERS\NADIN_000\DESKTOP\PHD RESEARCH\PHASE_1\PAPER_1_IMPLEMTATION\HALFEDGEDS-SPHERICALPARMTERIZATION\AUTOMATIC FACE MODELING\FACEMODELING-V1\DEBUG\BOUNDINGBOX.OBJ
C:\USERS\NADIN_000\DESKTOP\PHD RESEARCH\PHASE_1\PAPER_1_IMPLEMTATION\HALFEDGEDS-SPHERICALPARMTERIZATION\AUTOMATIC FACE MODELING\FACEMODELING-V1\DEBUG\CAMERA.OBJ
C:\Users\nadin_000\Desktop\PhD Research\Phase_1\Paper_1_implemtation\HalfEdgeDS-SphericalParmterization\AUTOMATIC FACE MODELING\FACEMODELING-v1\Debug\cl.command.1.tlog
C:\Users\nadin_000\Desktop\PhD Research\Phase_1\Paper_1_implemtation\HalfEdgeDS-SphericalParmterization\AUTOMATIC FACE MODELING\FACEMODELING-v1\Debug\CL.read.1.tlog
C:\Users\nadin_000\Desktop\PhD Research\Phase_1\Paper_1_implemtation\HalfEdgeDS-SphericalParmterization\AUTOMATIC FACE MODELING\FACEMODELING-v1\Debug\CL.write.1.tlog
C:\Users\nadin_000\Desktop\PhD Research\Phase_1\Paper_1_implemtation\HalfEdgeDS-SphericalParmterization\AUTOMATIC FACE MODELING\FACEMODELING-v1\Debug\custombuild.command.1.tlog
C:\Users\nadin_000\Desktop\PhD Research\Phase_1\Paper_1_implemtation\HalfEdgeDS-SphericalParmterization\AUTOMATIC FACE MODELING\FACEMODELING-v1\Debug\custombuild.read.1.tlog
C:\Users\nadin_000\Desktop\PhD Research\Phase_1\Paper_1_implemtation\HalfEdgeDS-SphericalParmterization\AUTOMATIC FACE MODELING\FACEMODELING-v1\Debug\custombuild.write.1.tlog
C:\USERS\NADIN_000\DESKTOP\PHD RESEARCH\PHASE_1\PAPER_1_IMPLEMTATION\HALFEDGEDS-SPHERICALPARMTERIZATION\AUTOMATIC FACE MODELING\FACEMODELING-V1\DEBUG\EDGE.OBJ
C:\Users\nadin_000\Desktop\PhD Research\Phase_1\Paper_1_implemtation\HalfEdgeDS-SphericalParmterization\AUTOMATIC FACE MODELING\FACEMODELING-v1\Debug\FACEMODELING.write.1.tlog
C:\USERS\NADIN_000\DESKTOP\PHD RESEARCH\PHASE_1\PAPER_1_IMPLEMTATION\HALFEDGEDS-SPHERICALPARMTERIZATION\AUTOMATIC FACE MODELING\FACEMODELING-V1\DEBUG\GLCANVAS.OBJ
C:\USERS\NADIN_000\DESKTOP\PHD RESEARCH\PHASE_1\PAPER_1_IMPLEMTATION\HALFEDGEDS-SPHERICALPARMTERIZATION\AUTOMATIC FACE MODELING\FACEMODELING-V1\DEBUG\MATH_3D.OBJ
C:\USERS\NADIN_000\DESKTOP\PHD RESEARCH\PHASE_1\PAPER_1_IMPLEMTATION\HALFEDGEDS-SPHERICALPARMTERIZATION\AUTOMATIC FACE MODELING\FACEMODELING-V1\DEBUG\MATRIX.OBJ
C:\USERS\NADIN_000\DESKTOP\PHD RESEARCH\PHASE_1\PAPER_1_IMPLEMTATION\HALFEDGEDS-SPHERICALPARMTERIZATION\AUTOMATIC FACE MODELING\FACEMODELING-V1\DEBUG\MESH.OBJ
C:\USERS\NADIN_000\DESKTOP\PHD RESEARCH\PHASE_1\PAPER_1_IMPLEMTATION\HALFEDGEDS-SPHERICALPARMTERIZATION\AUTOMATIC FACE MODELING\FACEMODELING-V1\DEBUG\MOC_GLCANVAS.OBJ
C:\USERS\NADIN_000\DESKTOP\PHD RESEARCH\PHASE_1\PAPER_1_IMPLEMTATION\HALFEDGEDS-SPHERICALPARMTERIZATION\AUTOMATIC FACE MODELING\FACEMODELING-V1\DEBUG\QRC_FACEMODELING.OBJ
C:\USERS\NADIN_000\DESKTOP\PHD RESEARCH\PHASE_1\PAPER_1_IMPLEMTATION\HALFEDGEDS-SPHERICALPARMTERIZATION\AUTOMATIC FACE MODELING\FACEMODELING-V1\DEBUG\TRACKBALL.OBJ
C:\USERS\NADIN_000\DESKTOP\PHD RESEARCH\PHASE_1\PAPER_1_IMPLEMTATION\HALFEDGEDS-SPHERICALPARMTERIZATION\AUTOMATIC FACE MODELING\FACEMODELING-V1\DEBUG\VC100.PDB
C:\USERS\NADIN_000\DESKTOP\PHD RESEARCH\PHASE_1\PAPER_1_IMPLEMTATION\HALFEDGEDS-SPHERICALPARMTERIZATION\AUTOMATIC FACE MODELING\FACEMODELING-V1\GENERATEDFILES\DEBUG\MOC_FACEMODELING.CPP
C:\USERS\NADIN_000\DESKTOP\PHD RESEARCH\PHASE_1\PAPER_1_IMPLEMTATION\HALFEDGEDS-SPHERICALPARMTERIZATION\AUTOMATIC FACE MODELING\FACEMODELING-V1\GENERATEDFILES\DEBUG\MOC_GLCANVAS.CPP
C:\USERS\NADIN_000\DESKTOP\PHD RESEARCH\PHASE_1\PAPER_1_IMPLEMTATION\HALFEDGEDS-SPHERICALPARMTERIZATION\AUTOMATIC FACE MODELING\FACEMODELING-V1\GENERATEDFILES\QRC_FACEMODELING.CPP
C:\USERS\NADIN_000\DESKTOP\PHD RESEARCH\PHASE_1\PAPER_1_IMPLEMTATION\HALFEDGEDS-SPHERICALPARMTERIZATION\AUTOMATIC FACE MODELING\FACEMODELING-V1\GENERATEDFILES\UI_FACEMODELING.H
