C:\USERS\NADIN_000\DESKTOP\PHD RESEARCH\PHASE_1\PAPER_1_IMPLEMTATION\FACE_MODELING\AUTOMATIC FACE MODELING\FACEMODELING-V5\GENERATEDFILES\QRC_FACEMODELING.CPP
C:\USERS\NADIN_000\DESKTOP\PHD RESEARCH\PHASE_1\PAPER_1_IMPLEMTATION\FACE_MODELING\AUTOMATIC FACE MODELING\FACEMODELING-V5\GENERATEDFILES\RELEASE\MOC_FACEMODELING.CPP
C:\USERS\NADIN_000\DESKTOP\PHD RESEARCH\PHASE_1\PAPER_1_IMPLEMTATION\FACE_MODELING\AUTOMATIC FACE MODELING\FACEMODELING-V5\GENERATEDFILES\RELEASE\MOC_GLCANVAS.CPP
C:\USERS\NADIN_000\DESKTOP\PHD RESEARCH\PHASE_1\PAPER_1_IMPLEMTATION\FACE_MODELING\AUTOMATIC FACE MODELING\FACEMODELING-V5\GENERATEDFILES\UI_FACEMODELING.H
C:\USERS\NADIN_000\DESKTOP\PHD RESEARCH\PHASE_1\PAPER_1_IMPLEMTATION\FACE_MODELING\AUTOMATIC FACE MODELING\FACEMODELING-V5\RELEASE\BOUNDINGBOX.OBJ
C:\USERS\NADIN_000\DESKTOP\PHD RESEARCH\PHASE_1\PAPER_1_IMPLEMTATION\FACE_MODELING\AUTOMATIC FACE MODELING\FACEMODELING-V5\RELEASE\CAMERA.OBJ
C:\Users\nadin_000\Desktop\PhD Research\Phase_1\Paper_1_implemtation\Face_Modeling\AUTOMATIC FACE MODELING\FACEMODELING-v5\Release\cl.command.1.tlog
C:\Users\nadin_000\Desktop\PhD Research\Phase_1\Paper_1_implemtation\Face_Modeling\AUTOMATIC FACE MODELING\FACEMODELING-v5\Release\CL.read.1.tlog
C:\Users\nadin_000\Desktop\PhD Research\Phase_1\Paper_1_implemtation\Face_Modeling\AUTOMATIC FACE MODELING\FACEMODELING-v5\Release\CL.write.1.tlog
C:\Users\nadin_000\Desktop\PhD Research\Phase_1\Paper_1_implemtation\Face_Modeling\AUTOMATIC FACE MODELING\FACEMODELING-v5\Release\custombuild.command.1.tlog
C:\Users\nadin_000\Desktop\PhD Research\Phase_1\Paper_1_implemtation\Face_Modeling\AUTOMATIC FACE MODELING\FACEMODELING-v5\Release\custombuild.read.1.tlog
C:\Users\nadin_000\Desktop\PhD Research\Phase_1\Paper_1_implemtation\Face_Modeling\AUTOMATIC FACE MODELING\FACEMODELING-v5\Release\custombuild.write.1.tlog
C:\USERS\NADIN_000\DESKTOP\PHD RESEARCH\PHASE_1\PAPER_1_IMPLEMTATION\FACE_MODELING\AUTOMATIC FACE MODELING\FACEMODELING-V5\RELEASE\EDGE.OBJ
C:\USERS\NADIN_000\DESKTOP\PHD RESEARCH\PHASE_1\PAPER_1_IMPLEMTATION\FACE_MODELING\AUTOMATIC FACE MODELING\FACEMODELING-V5\RELEASE\FACEMODELING.EXE.INTERMEDIATE.MANIFEST
C:\USERS\NADIN_000\DESKTOP\PHD RESEARCH\PHASE_1\PAPER_1_IMPLEMTATION\FACE_MODELING\AUTOMATIC FACE MODELING\FACEMODELING-V5\RELEASE\FACEMODELING.OBJ
C:\USERS\NADIN_000\DESKTOP\PHD RESEARCH\PHASE_1\PAPER_1_IMPLEMTATION\FACE_MODELING\AUTOMATIC FACE MODELING\FACEMODELING-V5\RELEASE\FACEMODELING.RES
C:\Users\nadin_000\Desktop\PhD Research\Phase_1\Paper_1_implemtation\Face_Modeling\AUTOMATIC FACE MODELING\FACEMODELING-v5\Release\FACEMODELING.write.1.tlog
C:\USERS\NADIN_000\DESKTOP\PHD RESEARCH\PHASE_1\PAPER_1_IMPLEMTATION\FACE_MODELING\AUTOMATIC FACE MODELING\FACEMODELING-V5\RELEASE\GLCANVAS.OBJ
C:\Users\nadin_000\Desktop\PhD Research\Phase_1\Paper_1_implemtation\Face_Modeling\AUTOMATIC FACE MODELING\FACEMODELING-v5\Release\link.command.1.tlog
C:\Users\nadin_000\Desktop\PhD Research\Phase_1\Paper_1_implemtation\Face_Modeling\AUTOMATIC FACE MODELING\FACEMODELING-v5\Release\link.read.1.tlog
C:\Users\nadin_000\Desktop\PhD Research\Phase_1\Paper_1_implemtation\Face_Modeling\AUTOMATIC FACE MODELING\FACEMODELING-v5\Release\link.write.1.tlog
C:\Users\nadin_000\Desktop\PhD Research\Phase_1\Paper_1_implemtation\Face_Modeling\AUTOMATIC FACE MODELING\FACEMODELING-v5\Release\link-cvtres.read.1.tlog
C:\Users\nadin_000\Desktop\PhD Research\Phase_1\Paper_1_implemtation\Face_Modeling\AUTOMATIC FACE MODELING\FACEMODELING-v5\Release\link-cvtres.write.1.tlog
C:\USERS\NADIN_000\DESKTOP\PHD RESEARCH\PHASE_1\PAPER_1_IMPLEMTATION\FACE_MODELING\AUTOMATIC FACE MODELING\FACEMODELING-V5\RELEASE\MAIN.OBJ
C:\USERS\NADIN_000\DESKTOP\PHD RESEARCH\PHASE_1\PAPER_1_IMPLEMTATION\FACE_MODELING\AUTOMATIC FACE MODELING\FACEMODELING-V5\RELEASE\MATH_3D.OBJ
C:\USERS\NADIN_000\DESKTOP\PHD RESEARCH\PHASE_1\PAPER_1_IMPLEMTATION\FACE_MODELING\AUTOMATIC FACE MODELING\FACEMODELING-V5\RELEASE\MATRIX.OBJ
C:\USERS\NADIN_000\DESKTOP\PHD RESEARCH\PHASE_1\PAPER_1_IMPLEMTATION\FACE_MODELING\AUTOMATIC FACE MODELING\FACEMODELING-V5\RELEASE\MESH.OBJ
C:\USERS\NADIN_000\DESKTOP\PHD RESEARCH\PHASE_1\PAPER_1_IMPLEMTATION\FACE_MODELING\AUTOMATIC FACE MODELING\FACEMODELING-V5\RELEASE\MOC_FACEMODELING.OBJ
C:\USERS\NADIN_000\DESKTOP\PHD RESEARCH\PHASE_1\PAPER_1_IMPLEMTATION\FACE_MODELING\AUTOMATIC FACE MODELING\FACEMODELING-V5\RELEASE\MOC_GLCANVAS.OBJ
C:\Users\nadin_000\Desktop\PhD Research\Phase_1\Paper_1_implemtation\Face_Modeling\AUTOMATIC FACE MODELING\FACEMODELING-v5\Release\mt.command.1.tlog
C:\Users\nadin_000\Desktop\PhD Research\Phase_1\Paper_1_implemtation\Face_Modeling\AUTOMATIC FACE MODELING\FACEMODELING-v5\Release\mt.read.1.tlog
C:\Users\nadin_000\Desktop\PhD Research\Phase_1\Paper_1_implemtation\Face_Modeling\AUTOMATIC FACE MODELING\FACEMODELING-v5\Release\mt.write.1.tlog
C:\USERS\NADIN_000\DESKTOP\PHD RESEARCH\PHASE_1\PAPER_1_IMPLEMTATION\FACE_MODELING\AUTOMATIC FACE MODELING\FACEMODELING-V5\RELEASE\QRC_FACEMODELING.OBJ
C:\Users\nadin_000\Desktop\PhD Research\Phase_1\Paper_1_implemtation\Face_Modeling\AUTOMATIC FACE MODELING\FACEMODELING-v5\Release\rc.command.1.tlog
C:\Users\nadin_000\Desktop\PhD Research\Phase_1\Paper_1_implemtation\Face_Modeling\AUTOMATIC FACE MODELING\FACEMODELING-v5\Release\rc.read.1.tlog
C:\Users\nadin_000\Desktop\PhD Research\Phase_1\Paper_1_implemtation\Face_Modeling\AUTOMATIC FACE MODELING\FACEMODELING-v5\Release\rc.write.1.tlog
C:\USERS\NADIN_000\DESKTOP\PHD RESEARCH\PHASE_1\PAPER_1_IMPLEMTATION\FACE_MODELING\AUTOMATIC FACE MODELING\FACEMODELING-V5\RELEASE\TRACKBALL.OBJ
C:\USERS\NADIN_000\DESKTOP\PHD RESEARCH\PHASE_1\PAPER_1_IMPLEMTATION\FACE_MODELING\AUTOMATIC FACE MODELING\FACEMODELING-V5\WIN32\RELEASE\FACEMODELING.EXE
